have_library: checking for pcap_open_live() in -lpcap... -------------------- yes

"cc -o conftest -I. -I/usr/local/lib/ruby/1.8/i386-freebsd7 -I.   -O2 -fno-strict-aliasing -pipe   -fPIC conftest.c  -L. -L/usr/local/lib -Wl,-R/usr/local/lib -L.  -rdynamic     -lruby18-static -lpcap  -lcrypt -lm  -rpath=/usr/lib:/usr/local/lib -pthread  -lc"
conftest.c: In function 't':
conftest.c:3: error: 'pcap_open_live' undeclared (first use in this function)
conftest.c:3: error: (Each undeclared identifier is reported only once
conftest.c:3: error: for each function it appears in.)
checked program was:
/* begin */
1: /*top*/
2: int main() { return 0; }
3: int t() { void ((*volatile p)()); p = (void ((*)()))pcap_open_live; return 0; }
/* end */

"cc -o conftest -I. -I/usr/local/lib/ruby/1.8/i386-freebsd7 -I.   -O2 -fno-strict-aliasing -pipe   -fPIC conftest.c  -L. -L/usr/local/lib -Wl,-R/usr/local/lib -L.  -rdynamic     -lruby18-static -lpcap  -lcrypt -lm  -rpath=/usr/lib:/usr/local/lib -pthread  -lc"
checked program was:
/* begin */
1: /*top*/
2: int main() { return 0; }
3: int t() { pcap_open_live(); return 0; }
/* end */

--------------------

have_library: checking for pcap_setnonblock() in -lpcap... -------------------- yes

"cc -o conftest -I. -I/usr/local/lib/ruby/1.8/i386-freebsd7 -I.   -O2 -fno-strict-aliasing -pipe   -fPIC conftest.c  -L. -L/usr/local/lib -Wl,-R/usr/local/lib -L.  -rdynamic    -lpcap  -lruby18-static -lpcap -lpcap  -lcrypt -lm  -rpath=/usr/lib:/usr/local/lib -pthread  -lc"
conftest.c: In function 't':
conftest.c:3: error: 'pcap_setnonblock' undeclared (first use in this function)
conftest.c:3: error: (Each undeclared identifier is reported only once
conftest.c:3: error: for each function it appears in.)
checked program was:
/* begin */
1: /*top*/
2: int main() { return 0; }
3: int t() { void ((*volatile p)()); p = (void ((*)()))pcap_setnonblock; return 0; }
/* end */

"cc -o conftest -I. -I/usr/local/lib/ruby/1.8/i386-freebsd7 -I.   -O2 -fno-strict-aliasing -pipe   -fPIC conftest.c  -L. -L/usr/local/lib -Wl,-R/usr/local/lib -L.  -rdynamic    -lpcap  -lruby18-static -lpcap -lpcap  -lcrypt -lm  -rpath=/usr/lib:/usr/local/lib -pthread  -lc"
checked program was:
/* begin */
1: /*top*/
2: int main() { return 0; }
3: int t() { pcap_setnonblock(); return 0; }
/* end */

--------------------

