have_library: checking for pcap_open_live() in -lpcap... -------------------- yes

"cc -o conftest -I. -I/usr/local/lib/ruby/1.8/i386-freebsd8 -I/usr/local/lib/ruby/gems/1.8/gems/rake-0.8.7/lib/rake    -O2 -pipe -fno-strict-aliasing  -fPIC   conftest.c  -L. -L/usr/local/lib -Wl,-R/usr/local/lib -L.  -rdynamic     -lruby18-static -lpcap  -lrt -lcrypt -lm  -rpath=/usr/lib:/usr/local/lib -pthread "
conftest.c: In function 't':
conftest.c:3: error: 'pcap_open_live' undeclared (first use in this function)
conftest.c:3: error: (Each undeclared identifier is reported only once
conftest.c:3: error: for each function it appears in.)
checked program was:
/* begin */
1: /*top*/
2: int main() { return 0; }
3: int t() { void ((*volatile p)()); p = (void ((*)()))pcap_open_live; return 0; }
/* end */

"cc -o conftest -I. -I/usr/local/lib/ruby/1.8/i386-freebsd8 -I/usr/local/lib/ruby/gems/1.8/gems/rake-0.8.7/lib/rake    -O2 -pipe -fno-strict-aliasing  -fPIC   conftest.c  -L. -L/usr/local/lib -Wl,-R/usr/local/lib -L.  -rdynamic     -lruby18-static -lpcap  -lrt -lcrypt -lm  -rpath=/usr/lib:/usr/local/lib -pthread "
checked program was:
/* begin */
1: /*top*/
2: int main() { return 0; }
3: int t() { pcap_open_live(); return 0; }
/* end */

--------------------

